<?xml version="1.0" encoding="UTF-8"?>
<!-- Generated by org.testng.reporters.JUnitXMLReporter -->
<testsuite ignored="0" hostname="TYSS-Anil-Kumar" failures="0" tests="5" name="Default test" time="0.161" errors="0" timestamp="2024-08-25T19:50:16 IST">
  <testcase classname="day42.DependencyMethods" name="openApp" time="0.02"/>
  <testcase classname="day42.DependencyMethods" name="login" time="0.005"/>
  <testcase classname="day42.DependencyMethods" name="search" time="0.001"/>
  <testcase classname="day42.DependencyMethods" name="advsearch" time="0.003"/>
  <testcase classname="day42.DependencyMethods" name="logout" time="0.002"/>
</testsuite> <!-- Default test -->
