<?xml version="1.0" encoding="UTF-8"?>
<testng-results ignored="0" total="5" passed="5" failed="0" skipped="0">
  <reporter-output>
  </reporter-output>
  <suite started-at="2024-08-25T19:50:15 IST" name="Default suite" finished-at="2024-08-25T19:50:16 IST" duration-ms="161">
    <groups>
    </groups>
    <test started-at="2024-08-25T19:50:15 IST" name="Default test" finished-at="2024-08-25T19:50:16 IST" duration-ms="161">
      <class name="day42.DependencyMethods">
        <test-method signature="openApp()[pri:1, instance:day42.DependencyMethods@2e6a8155]" started-at="2024-08-25T19:50:16 IST" name="openApp" finished-at="2024-08-25T19:50:16 IST" duration-ms="20" status="PASS">
          <reporter-output>
          </reporter-output>
        </test-method> <!-- openApp -->
        <test-method signature="login()[pri:2, instance:day42.DependencyMethods@2e6a8155]" started-at="2024-08-25T19:50:16 IST" name="login" finished-at="2024-08-25T19:50:16 IST" depends-on-methods="day42.DependencyMethods.openApp" duration-ms="5" status="PASS">
          <reporter-output>
          </reporter-output>
        </test-method> <!-- login -->
        <test-method signature="search()[pri:3, instance:day42.DependencyMethods@2e6a8155]" started-at="2024-08-25T19:50:16 IST" name="search" finished-at="2024-08-25T19:50:16 IST" depends-on-methods="day42.DependencyMethods.login" duration-ms="1" status="PASS">
          <reporter-output>
          </reporter-output>
        </test-method> <!-- search -->
        <test-method signature="advsearch()[pri:4, instance:day42.DependencyMethods@2e6a8155]" started-at="2024-08-25T19:50:16 IST" name="advsearch" finished-at="2024-08-25T19:50:16 IST" depends-on-methods="day42.DependencyMethods.login" duration-ms="3" status="PASS">
          <reporter-output>
          </reporter-output>
        </test-method> <!-- advsearch -->
        <test-method signature="logout()[pri:5, instance:day42.DependencyMethods@2e6a8155]" started-at="2024-08-25T19:50:16 IST" name="logout" finished-at="2024-08-25T19:50:16 IST" depends-on-methods="day42.DependencyMethods.login" duration-ms="2" status="PASS">
          <reporter-output>
          </reporter-output>
        </test-method> <!-- logout -->
      </class> <!-- day42.DependencyMethods -->
    </test> <!-- Default test -->
  </suite> <!-- Default suite -->
</testng-results>
